2022-08-09 11:07:10.016  INFO 14948 --- [main] t.imageProcess.ImageProcessApplication   : Starting ImageProcessApplication using Java 17.0.4 on DESKTOP-0M91M33 with PID 14948 (C:\Users\TWIM\IdeaProjects\imageProcess\build\classes\java\main started by TWIM in C:\Users\TWIM\IdeaProjects\imageProcess)
2022-08-09 11:07:10.024  INFO 14948 --- [main] t.imageProcess.ImageProcessApplication   : No active profile set, falling back to 1 default profile: "default"
2022-08-09 11:07:10.890  INFO 14948 --- [main] .s.d.r.c.RepositoryConfigurationDelegate : Bootstrapping Spring Data JPA repositories in DEFAULT mode.
2022-08-09 11:07:10.908  INFO 14948 --- [main] .s.d.r.c.RepositoryConfigurationDelegate : Finished Spring Data repository scanning in 6 ms. Found 0 JPA repository interfaces.
2022-08-09 11:07:11.797  INFO 14948 --- [main] o.s.b.w.embedded.tomcat.TomcatWebServer  : Tomcat initialized with port(s): 8080 (http)
2022-08-09 11:07:11.827  INFO 14948 --- [main] o.apache.catalina.core.StandardService   : Starting service [Tomcat]
2022-08-09 11:07:11.828  INFO 14948 --- [main] org.apache.catalina.core.StandardEngine  : Starting Servlet engine: [Apache Tomcat/9.0.65]
2022-08-09 11:07:12.039  INFO 14948 --- [main] o.a.c.c.C.[Tomcat].[localhost].[/]       : Initializing Spring embedded WebApplicationContext
2022-08-09 11:07:12.041  INFO 14948 --- [main] w.s.c.ServletWebServerApplicationContext : Root WebApplicationContext: initialization completed in 1920 ms
2022-08-09 11:07:12.385  INFO 14948 --- [main] o.hibernate.jpa.internal.util.LogHelper  : HHH000204: Processing PersistenceUnitInfo [name: default]
2022-08-09 11:07:12.486  INFO 14948 --- [main] org.hibernate.Version                    : HHH000412: Hibernate ORM core version 5.6.10.Final
2022-08-09 11:07:12.725  INFO 14948 --- [main] o.hibernate.annotations.common.Version   : HCANN000001: Hibernate Commons Annotations {5.1.2.Final}
2022-08-09 11:07:12.870  INFO 14948 --- [main] com.zaxxer.hikari.HikariDataSource       : HikariPool-1 - Starting...
2022-08-09 11:07:13.452  INFO 14948 --- [main] com.zaxxer.hikari.HikariDataSource       : HikariPool-1 - Start completed.
2022-08-09 11:07:13.515  INFO 14948 --- [main] org.hibernate.dialect.Dialect            : HHH000400: Using dialect: org.hibernate.dialect.MySQL8Dialect
2022-08-09 11:07:13.897  INFO 14948 --- [main] o.h.e.t.j.p.i.JtaPlatformInitiator       : HHH000490: Using JtaPlatform implementation: [org.hibernate.engine.transaction.jta.platform.internal.NoJtaPlatform]
2022-08-09 11:07:13.909  INFO 14948 --- [main] j.LocalContainerEntityManagerFactoryBean : Initialized JPA EntityManagerFactory for persistence unit 'default'
2022-08-09 11:07:13.946  WARN 14948 --- [main] JpaBaseConfiguration$JpaWebConfiguration : spring.jpa.open-in-view is enabled by default. Therefore, database queries may be performed during view rendering. Explicitly configure spring.jpa.open-in-view to disable this warning
2022-08-09 11:07:14.419  INFO 14948 --- [main] o.s.b.w.embedded.tomcat.TomcatWebServer  : Tomcat started on port(s): 8080 (http) with context path ''
2022-08-09 11:07:14.429  INFO 14948 --- [main] t.imageProcess.ImageProcessApplication   : Started ImageProcessApplication in 5.242 seconds (JVM running for 5.978)
2022-08-09 11:07:17.121  INFO 14948 --- [SpringApplicationShutdownHook] j.LocalContainerEntityManagerFactoryBean : Closing JPA EntityManagerFactory for persistence unit 'default'
2022-08-09 11:07:17.124  INFO 14948 --- [SpringApplicationShutdownHook] com.zaxxer.hikari.HikariDataSource       : HikariPool-1 - Shutdown initiated...
2022-08-09 11:07:17.136  INFO 14948 --- [SpringApplicationShutdownHook] com.zaxxer.hikari.HikariDataSource       : HikariPool-1 - Shutdown completed.
